<?xml version="1.0" encoding="UTF-8"?>
<!-- Generated by org.testng.reporters.JUnitReportReporter -->
<testsuite hostname="Torrey" failures="0" tests="3" name="testngsessions.TestNgAnnotations" time="0.016" errors="0" timestamp="2023-11-27T16:30:55 PST" skipped="0">
  <testcase classname="testngsessions.TestNgAnnotations" name="addToCartTest" time="0.011"/>
  <testcase classname="testngsessions.TestNgAnnotations" name="searchTest" time="0.003"/>
  <testcase classname="testngsessions.TestNgAnnotations" name="checkOutTest" time="0.002"/>
</testsuite> <!-- testngsessions.TestNgAnnotations -->
